android/app/build/intermediates/manifest_merge_blame_file/release/manifest-merger-blame-release-report.txt
1<?xml version="1.0" encoding="utf-8"?>
2<manifest xmlns:android="http://schemas.android.com/apk/res/android"
3    package="com.vdotok_rn"
4    android:versionCode="1"
5    android:versionName="1.0" >
6
7    <uses-sdk
8        android:minSdkVersion="21"
8-->src/main/AndroidManifest.xml
9        android:targetSdkVersion="30" />
9-->src/main/AndroidManifest.xml
10
11    <uses-permission android:name="android.permission.INTERNET" />
11-->src/main/AndroidManifest.xml:6:5-67
11-->src/main/AndroidManifest.xml:6:22-64
12    <uses-permission android:name="android.permission.READ_EXTERNAL_STORAGE" />
12-->src/main/AndroidManifest.xml:7:5-80
12-->src/main/AndroidManifest.xml:7:22-77
13    <uses-permission android:name="android.permission.WRITE_EXTERNAL_STORAGE" />
13-->src/main/AndroidManifest.xml:8:5-81
13-->src/main/AndroidManifest.xml:8:22-78
14
15    <queries>
15-->src/main/AndroidManifest.xml:34:6-40:12
16        <intent>
16-->src/main/AndroidManifest.xml:35:3-39:12
17            <action android:name="android.intent.action.VIEW" />
17-->src/main/AndroidManifest.xml:36:6-58
17-->src/main/AndroidManifest.xml:36:14-55
18            <!-- If you don't know the MIME type in advance, set "mimeType" to "*/*". -->
19            <data android:mimeType="*/*" />
19-->src/main/AndroidManifest.xml:38:6-37
19-->src/main/AndroidManifest.xml:38:12-34
20        </intent>
21    </queries>
22    <!-- ASSEMBLERELEASE -->
23    <application
23-->src/main/AndroidManifest.xml:11:5-33:19
24        android:name="com.vdotok_rn.MainApplication"
24-->src/main/AndroidManifest.xml:15:7-38
25        android:allowBackup="false"
25-->src/main/AndroidManifest.xml:19:7-34
26        android:appComponentFactory="androidx.core.app.CoreComponentFactory"
26-->[androidx.core:core:1.3.1] AndroidManifest.xml:24:18-86
27        android:icon="@mipmap/ic_launcher"
27-->src/main/AndroidManifest.xml:17:7-41
28        android:label="@string/app_name"
28-->src/main/AndroidManifest.xml:16:7-39
29        android:networkSecurityConfig="@xml/network_security_config"
29-->src/main/AndroidManifest.xml:14:5-65
30        android:roundIcon="@mipmap/ic_launcher_round"
30-->src/main/AndroidManifest.xml:18:7-52
31        android:theme="@style/AppTheme"
31-->src/main/AndroidManifest.xml:20:7-38
32        android:usesCleartextTraffic="true" >
32-->src/main/AndroidManifest.xml:12:13-48
33        <activity
33-->src/main/AndroidManifest.xml:21:7-32:18
34            android:name="com.vdotok_rn.MainActivity"
34-->src/main/AndroidManifest.xml:22:9-37
35            windowSoftInputMode="adjustPan"
35-->src/main/AndroidManifest.xml:26:9-40
36            android:configChanges="keyboard|keyboardHidden|orientation|screenSize|uiMode"
36-->src/main/AndroidManifest.xml:24:9-86
37            android:label="@string/app_name"
37-->src/main/AndroidManifest.xml:23:9-41
38            android:launchMode="singleTask" >
38-->src/main/AndroidManifest.xml:25:9-40
39            <intent-filter>
39-->src/main/AndroidManifest.xml:28:9-31:25
40                <action android:name="android.intent.action.MAIN" />
40-->src/main/AndroidManifest.xml:29:13-65
40-->src/main/AndroidManifest.xml:29:21-62
41
42                <category android:name="android.intent.category.LAUNCHER" />
42-->src/main/AndroidManifest.xml:30:13-73
42-->src/main/AndroidManifest.xml:30:23-70
43            </intent-filter>
44        </activity>
45
46        <provider
46-->[:react-native-file-viewer] AndroidManifest.xml:10:9-18:20
47            android:name="com.vinzscam.reactnativefileviewer.FileProvider"
47-->[:react-native-file-viewer] AndroidManifest.xml:11:13-75
48            android:authorities="com.vdotok_rn.provider"
48-->[:react-native-file-viewer] AndroidManifest.xml:12:13-60
49            android:exported="false"
49-->[:react-native-file-viewer] AndroidManifest.xml:13:13-37
50            android:grantUriPermissions="true" >
50-->[:react-native-file-viewer] AndroidManifest.xml:14:13-47
51            <meta-data
51-->[:react-native-file-viewer] AndroidManifest.xml:15:13-17:70
52                android:name="android.support.FILE_PROVIDER_PATHS"
52-->[:react-native-file-viewer] AndroidManifest.xml:16:17-67
53                android:resource="@xml/file_viewer_provider_paths" />
53-->[:react-native-file-viewer] AndroidManifest.xml:17:17-67
54        </provider>
55        <provider
55-->[:react-native-image-picker] AndroidManifest.xml:10:9-18:20
56            android:name="com.imagepicker.ImagePickerProvider"
56-->[:react-native-image-picker] AndroidManifest.xml:11:13-63
57            android:authorities="com.vdotok_rn.imagepickerprovider"
57-->[:react-native-image-picker] AndroidManifest.xml:12:13-71
58            android:exported="false"
58-->[:react-native-image-picker] AndroidManifest.xml:13:13-37
59            android:grantUriPermissions="true" >
59-->[:react-native-image-picker] AndroidManifest.xml:14:13-47
60            <meta-data
60-->[:react-native-file-viewer] AndroidManifest.xml:15:13-17:70
61                android:name="android.support.FILE_PROVIDER_PATHS"
61-->[:react-native-file-viewer] AndroidManifest.xml:16:17-67
62                android:resource="@xml/imagepicker_provider_paths" />
62-->[:react-native-file-viewer] AndroidManifest.xml:17:17-67
63        </provider>
64    </application>
65
66</manifest>